[debug] [2021-02-12T00:18:39.565Z] ----------------------------------------------------------------------
[debug] [2021-02-12T00:18:39.568Z] Command:       C:\Program Files\nodejs\node.exe C:\Users\qqpan\AppData\Roaming\npm\node_modules\firebase-tools\lib\bin\firebase.js init
[debug] [2021-02-12T00:18:39.568Z] CLI Version:   9.3.0
[debug] [2021-02-12T00:18:39.568Z] Platform:      win32
[debug] [2021-02-12T00:18:39.568Z] Node Version:  v12.18.2
[debug] [2021-02-12T00:18:39.570Z] Time:          Fri Feb 12 2021 07:18:39 GMT+0700 (GMT+07:00)
[debug] [2021-02-12T00:18:39.570Z] ----------------------------------------------------------------------
[debug] [2021-02-12T00:18:39.570Z] 
[debug] [2021-02-12T00:18:39.574Z] >>> [apiv2][query] GET https://firebase-public.firebaseio.com/cli.json [none]
[debug] [2021-02-12T00:18:39.593Z] > command requires scopes: ["email","openid","https://www.googleapis.com/auth/cloudplatformprojects.readonly","https://www.googleapis.com/auth/firebase","https://www.googleapis.com/auth/cloud-platform"]
[debug] [2021-02-12T00:18:39.593Z] > authorizing via signed-in user
[info] 
     ######## #### ########  ######## ########     ###     ######  ########
     ##        ##  ##     ## ##       ##     ##  ##   ##  ##       ##
     ######    ##  ########  ######   ########  #########  ######  ######
     ##        ##  ##    ##  ##       ##     ## ##     ##       ## ##
     ##       #### ##     ## ######## ########  ##     ##  ######  ########

You're about to initialize a Firebase project in this directory:

  C:\Q\web\pretest\pretest-2563

Before we get started, keep in mind:

  * You are currently outside your home directory

[debug] [2021-02-12T00:18:40.351Z] <<< [apiv2][status] GET https://firebase-public.firebaseio.com/cli.json 200
[debug] [2021-02-12T00:18:40.352Z] <<< [apiv2][body] GET https://firebase-public.firebaseio.com/cli.json {"cloudBuildErrorAfter":1594252800000,"cloudBuildWarnAfter":1590019200000,"defaultNode10After":1594252800000,"minVersion":"3.0.5","node8DeploysDisabledAfter":1613390400000,"node8RuntimeDisabledAfter":1615809600000,"node8WarnAfter":1600128000000}
[info] 
=== Project Setup
[info] 
[info] First, let's associate this project directory with a Firebase project.
[info] You can create multiple project aliases by running firebase use --add, 
[info] but for now we'll just set up a default project.
[info] 
[debug] [2021-02-12T00:19:07.847Z] > refreshing access token with scopes: []
[debug] [2021-02-12T00:19:07.848Z] >>> HTTP REQUEST POST https://www.googleapis.com/oauth2/v3/token  
 <request body omitted>
[debug] [2021-02-12T00:19:08.210Z] <<< HTTP RESPONSE 200 {"pragma":"no-cache","cache-control":"no-cache, no-store, max-age=0, must-revalidate","expires":"Mon, 01 Jan 1990 00:00:00 GMT","date":"Fri, 12 Feb 2021 00:19:07 GMT","content-type":"application/json; charset=utf-8","vary":"X-Origin, Referer, Origin,Accept-Encoding","server":"scaffolding on HTTPServer2","x-xss-protection":"0","x-frame-options":"SAMEORIGIN","x-content-type-options":"nosniff","alt-svc":"h3-29=\":443\"; ma=2592000,h3-T051=\":443\"; ma=2592000,h3-Q050=\":443\"; ma=2592000,h3-Q046=\":443\"; ma=2592000,h3-Q043=\":443\"; ma=2592000,quic=\":443\"; ma=2592000; v=\"46,43\"","accept-ranges":"none","transfer-encoding":"chunked"}
[debug] [2021-02-12T00:19:08.218Z] >>> [apiv2][query] GET https://firebase.googleapis.com/v1beta1/projects pageSize=100
[debug] [2021-02-12T00:19:09.062Z] <<< [apiv2][status] GET https://firebase.googleapis.com/v1beta1/projects 200
[debug] [2021-02-12T00:19:09.063Z] <<< [apiv2][body] GET https://firebase.googleapis.com/v1beta1/projects [omitted]
[info] i  Using project pretest-countdown (pretest-countdown) 
[info] 
=== Hosting Setup
[info] 
[info] Your public directory is the folder (relative to your project directory) that
[info] will contain Hosting assets to be uploaded with firebase deploy. If you
[info] have a build process for your assets, use your build's output directory.
[info] 
[info] i  Skipping write of public/404.html 
[debug] [2021-02-12T00:22:23.726Z] >>> [apiv2][query] GET https://www.gstatic.com/firebasejs/releases.json [none]
[debug] [2021-02-12T00:22:24.034Z] <<< [apiv2][status] GET https://www.gstatic.com/firebasejs/releases.json 200
[debug] [2021-02-12T00:22:24.035Z] <<< [apiv2][body] GET https://www.gstatic.com/firebasejs/releases.json {"current":{"version":"8.2.7","browserURL":"https://www.gstatic.com/firebasejs/8.2.7/firebase.js","packageURL":"https://www.gstatic.com/firebasejs/8.2.7/firebase.tgz"},"live":{"version":"8.2","browserURL":"https://www.gstatic.com/firebasejs/live/8.2/firebase.js","packageURL":"https://www.gstatic.com/firebasejs/live/8.2/firebase.tgz"},"components":{"analytics":"https://www.gstatic.com/firebasejs/8.2.7/firebase-analytics.js","app":"https://www.gstatic.com/firebasejs/8.2.7/firebase-app.js","auth":"https://www.gstatic.com/firebasejs/8.2.7/firebase-auth.js","database":"https://www.gstatic.com/firebasejs/8.2.7/firebase-database.js","firestore":"https://www.gstatic.com/firebasejs/8.2.7/firebase-firestore.js","functions":"https://www.gstatic.com/firebasejs/8.2.7/firebase-functions.js","installations":"https://www.gstatic.com/firebasejs/8.2.7/firebase-installations.js","messaging":"https://www.gstatic.com/firebasejs/8.2.7/firebase-messaging.js","storage":"https://www.gstatic.com/firebasejs/8.2.7/firebase-storage.js","performance":"https://www.gstatic.com/firebasejs/8.2.7/firebase-performance.js","remote-config":"https://www.gstatic.com/firebasejs/8.2.7/firebase-remote-config.js","firestore.memory":"https://www.gstatic.com/firebasejs/8.2.7/firebase-firestore.memory.js"}}
[info] i  Skipping write of public/index.html 
[info] 
[info] i  Detected a .git folder at C:\Q\web\pretest\pretest-2563 
[info] i  Authorizing with GitHub to upload your service account to a GitHub repository's secrets store. 
[info] 
[info] Visit this URL on this device to log in:
[info] https://github.com/login/oauth/authorize?client_id=89cf50f02ac6aaed3484&state=1021446239&redirect_uri=http%3A%2F%2Flocalhost%3A9005&scope=read%3Auser%20repo%20public_repo
[info] 
[info] Waiting for authentication...
[debug] [2021-02-12T00:22:37.131Z] >>> HTTP REQUEST POST https://github.com/login/oauth/access_token  
 {"client_id":"89cf50f02ac6aaed3484","client_secret":"3330d14abc895d9a74d5f17cd7a00711fa2c5bf0","code":"bffdcabdcfbf9c6f896d","redirect_uri":"http://localhost:9005","state":"1021446239"}
[debug] [2021-02-12T00:22:37.582Z] <<< HTTP RESPONSE 200 {"date":"Fri, 12 Feb 2021 00:22:36 GMT","content-type":"application/json; charset=utf-8","transfer-encoding":"chunked","server":"GitHub.com","vary":"X-PJAX, Accept-Encoding, Accept, X-Requested-With, Accept-Encoding","etag":"W/\"da1623f254459ea0d897c75b88059665\"","cache-control":"max-age=0, private, must-revalidate","strict-transport-security":"max-age=31536000; includeSubdomains; preload","x-frame-options":"deny","x-content-type-options":"nosniff","x-xss-protection":"1; mode=block","referrer-policy":"origin-when-cross-origin, strict-origin-when-cross-origin","expect-ct":"max-age=2592000, report-uri=\"https://api.github.com/_private/browser/errors\"","content-security-policy":"default-src 'none'; base-uri 'self'; block-all-mixed-content; connect-src 'self' uploads.github.com www.githubstatus.com collector.githubapp.com api.github.com github-cloud.s3.amazonaws.com github-production-repository-file-5c1aeb.s3.amazonaws.com github-production-upload-manifest-file-7fdce7.s3.amazonaws.com github-production-user-asset-6210df.s3.amazonaws.com cdn.optimizely.com logx.optimizely.com/v1/events wss://alive.github.com; font-src github.githubassets.com; form-action 'self' github.com gist.github.com; frame-ancestors 'none'; frame-src render.githubusercontent.com; img-src 'self' data: github.githubassets.com identicons.github.com collector.githubapp.com github-cloud.s3.amazonaws.com user-images.githubusercontent.com/ *.githubusercontent.com; manifest-src 'self'; media-src 'none'; script-src github.githubassets.com; style-src 'unsafe-inline' github.githubassets.com; worker-src github.com/socket-worker-5029ae85.js gist.github.com/socket-worker-5029ae85.js","x-github-request-id":"559E:5E7C:D33C9:109BBC:6025CA4C"}
[debug] [2021-02-12T00:22:37.583Z] >>> [apiv2][query] GET https://api.github.com/user [none]
[debug] [2021-02-12T00:22:38.088Z] <<< [apiv2][status] GET https://api.github.com/user 200
[debug] [2021-02-12T00:22:38.088Z] <<< [apiv2][body] GET https://api.github.com/user {"login":"ratchanonp","id":28267945,"node_id":"MDQ6VXNlcjI4MjY3OTQ1","avatar_url":"https://avatars.githubusercontent.com/u/28267945?v=4","gravatar_id":"","url":"https://api.github.com/users/ratchanonp","html_url":"https://github.com/ratchanonp","followers_url":"https://api.github.com/users/ratchanonp/followers","following_url":"https://api.github.com/users/ratchanonp/following{/other_user}","gists_url":"https://api.github.com/users/ratchanonp/gists{/gist_id}","starred_url":"https://api.github.com/users/ratchanonp/starred{/owner}{/repo}","subscriptions_url":"https://api.github.com/users/ratchanonp/subscriptions","organizations_url":"https://api.github.com/users/ratchanonp/orgs","repos_url":"https://api.github.com/users/ratchanonp/repos","events_url":"https://api.github.com/users/ratchanonp/events{/privacy}","received_events_url":"https://api.github.com/users/ratchanonp/received_events","type":"User","site_admin":false,"name":"Ratchanon Panmas","company":"Benjamarachutit School","blog":"","location":"Thailand","email":"contact@ratchanon.info","hireable":null,"bio":null,"twitter_username":"youarein_q","public_repos":11,"public_gists":0,"followers":2,"following":0,"created_at":"2017-05-01T17:36:23Z","updated_at":"2021-02-12T00:22:35Z","private_gists":0,"total_private_repos":20,"owned_private_repos":19,"disk_usage":42481,"collaborators":4,"two_factor_authentication":false,"plan":{"name":"pro","space":976562499,"collaborators":0,"private_repos":9999}}
[info] 
[info] +  Success! Logged into GitHub as ratchanonp 
[info] 
